<?xml version="1.0" encoding="UTF-8"?>
<testsuite name="com.hs.project.springboot.web.PostsApiControllerTest" tests="2" skipped="0" failures="0" errors="0" timestamp="2021-01-25T08:38:27" hostname="DESKTOP-9M3FCPN" time="0.217">
  <properties/>
  <testcase name="Posts_등록된다" classname="com.hs.project.springboot.web.PostsApiControllerTest" time="0.169"/>
  <testcase name="Posts_수정된다" classname="com.hs.project.springboot.web.PostsApiControllerTest" time="0.047"/>
  <system-out><![CDATA[2021-01-25 17:38:27.132  INFO 12888 --- [    Test worker] .b.t.c.SpringBootTestContextBootstrapper : Neither @ContextConfiguration nor @ContextHierarchy found for test class [com.hs.project.springboot.web.PostsApiControllerTest], using SpringBootContextLoader
2021-01-25 17:38:27.136  INFO 12888 --- [    Test worker] o.s.t.c.support.AbstractContextLoader    : Could not detect default resource locations for test class [com.hs.project.springboot.web.PostsApiControllerTest]: no resource found for suffixes {-context.xml, Context.groovy}.
2021-01-25 17:38:27.136  INFO 12888 --- [    Test worker] t.c.s.AnnotationConfigContextLoaderUtils : Could not detect default configuration classes for test class [com.hs.project.springboot.web.PostsApiControllerTest]: PostsApiControllerTest does not declare any static, non-private, non-final, nested classes annotated with @Configuration.
2021-01-25 17:38:27.141  INFO 12888 --- [    Test worker] .b.t.c.SpringBootTestContextBootstrapper : Found @SpringBootConfiguration com.hs.project.springboot.Application for test class com.hs.project.springboot.web.PostsApiControllerTest
2021-01-25 17:38:27.146  INFO 12888 --- [    Test worker] .b.t.c.SpringBootTestContextBootstrapper : Loaded default TestExecutionListener class names from location [META-INF/spring.factories]: [org.springframework.security.test.context.support.WithSecurityContextTestExecutionListener, org.springframework.security.test.context.support.ReactorContextTestExecutionListener, org.springframework.boot.test.autoconfigure.restdocs.RestDocsTestExecutionListener, org.springframework.boot.test.autoconfigure.web.client.MockRestServiceServerResetTestExecutionListener, org.springframework.boot.test.autoconfigure.web.servlet.MockMvcPrintOnlyOnFailureTestExecutionListener, org.springframework.boot.test.autoconfigure.web.servlet.WebDriverTestExecutionListener, org.springframework.boot.test.mock.mockito.MockitoTestExecutionListener, org.springframework.boot.test.mock.mockito.ResetMocksTestExecutionListener, org.springframework.test.context.web.ServletTestExecutionListener, org.springframework.test.context.support.DirtiesContextBeforeModesTestExecutionListener, org.springframework.test.context.support.DependencyInjectionTestExecutionListener, org.springframework.test.context.support.DirtiesContextTestExecutionListener, org.springframework.test.context.transaction.TransactionalTestExecutionListener, org.springframework.test.context.jdbc.SqlScriptsTestExecutionListener]
2021-01-25 17:38:27.150  INFO 12888 --- [    Test worker] .b.t.c.SpringBootTestContextBootstrapper : Using TestExecutionListeners: [org.springframework.test.context.web.ServletTestExecutionListener@236c1f1, org.springframework.test.context.support.DirtiesContextBeforeModesTestExecutionListener@ce14bfc, org.springframework.boot.test.mock.mockito.MockitoTestExecutionListener@510c4e86, org.springframework.boot.test.autoconfigure.SpringBootDependencyInjectionTestExecutionListener@bc76ecf, org.springframework.test.context.support.DirtiesContextTestExecutionListener@3fca0f0f, org.springframework.test.context.transaction.TransactionalTestExecutionListener@39720da1, org.springframework.test.context.jdbc.SqlScriptsTestExecutionListener@a391c77, org.springframework.security.test.context.support.WithSecurityContextTestExecutionListener@3a38aae9, org.springframework.security.test.context.support.ReactorContextTestExecutionListener@556568d6, org.springframework.boot.test.autoconfigure.restdocs.RestDocsTestExecutionListener@7c5368de, org.springframework.boot.test.autoconfigure.web.client.MockRestServiceServerResetTestExecutionListener@3ecb0987, org.springframework.boot.test.autoconfigure.web.servlet.MockMvcPrintOnlyOnFailureTestExecutionListener@415b9355, org.springframework.boot.test.autoconfigure.web.servlet.WebDriverTestExecutionListener@3f866070, org.springframework.boot.test.mock.mockito.ResetMocksTestExecutionListener@58f4fac6]
2021-01-25 17:38:27.174  INFO 12888 --- [    Test worker] o.a.c.c.C.[Tomcat].[localhost].[/]       : Initializing Spring TestDispatcherServlet ''
2021-01-25 17:38:27.174  INFO 12888 --- [    Test worker] o.s.t.web.servlet.TestDispatcherServlet  : Initializing Servlet ''
2021-01-25 17:38:27.179  INFO 12888 --- [    Test worker] o.s.t.web.servlet.TestDispatcherServlet  : Completed initialization in 5 ms
Hibernate: insert into posts (create_date, modified_date, author, content, title) values (?, ?, ?, ?, ?)
Hibernate: select posts0_.id as id1_0_, posts0_.create_date as create_d2_0_, posts0_.modified_date as modified3_0_, posts0_.author as author4_0_, posts0_.content as content5_0_, posts0_.title as title6_0_ from posts posts0_
Hibernate: select posts0_.id as id1_0_, posts0_.create_date as create_d2_0_, posts0_.modified_date as modified3_0_, posts0_.author as author4_0_, posts0_.content as content5_0_, posts0_.title as title6_0_ from posts posts0_
Hibernate: delete from posts where id=?
2021-01-25 17:38:27.332  INFO 12888 --- [    Test worker] o.a.c.c.C.[Tomcat].[localhost].[/]       : Initializing Spring TestDispatcherServlet ''
2021-01-25 17:38:27.332  INFO 12888 --- [    Test worker] o.s.t.web.servlet.TestDispatcherServlet  : Initializing Servlet ''
2021-01-25 17:38:27.335  INFO 12888 --- [    Test worker] o.s.t.web.servlet.TestDispatcherServlet  : Completed initialization in 3 ms
Hibernate: insert into posts (create_date, modified_date, author, content, title) values (?, ?, ?, ?, ?)
Hibernate: select posts0_.id as id1_0_0_, posts0_.create_date as create_d2_0_0_, posts0_.modified_date as modified3_0_0_, posts0_.author as author4_0_0_, posts0_.content as content5_0_0_, posts0_.title as title6_0_0_ from posts posts0_ where posts0_.id=?
Hibernate: update posts set create_date=?, modified_date=?, author=?, content=?, title=? where id=?
Hibernate: select posts0_.id as id1_0_, posts0_.create_date as create_d2_0_, posts0_.modified_date as modified3_0_, posts0_.author as author4_0_, posts0_.content as content5_0_, posts0_.title as title6_0_ from posts posts0_
Hibernate: select posts0_.id as id1_0_, posts0_.create_date as create_d2_0_, posts0_.modified_date as modified3_0_, posts0_.author as author4_0_, posts0_.content as content5_0_, posts0_.title as title6_0_ from posts posts0_
Hibernate: delete from posts where id=?
]]></system-out>
  <system-err><![CDATA[]]></system-err>
</testsuite>
