<?xml version="1.0" encoding="UTF-8"?>
<testsuite name="com.hs.project.springboot.domain.posts.PostsRepositoryTest" tests="2" skipped="0" failures="0" errors="0" timestamp="2021-01-25T08:38:13" hostname="DESKTOP-9M3FCPN" time="0.74">
  <properties/>
  <testcase name="게시글저장_불러오기" classname="com.hs.project.springboot.domain.posts.PostsRepositoryTest" time="0.72"/>
  <testcase name="BaseTimeEntity_등록" classname="com.hs.project.springboot.domain.posts.PostsRepositoryTest" time="0.019"/>
  <system-out><![CDATA[17:37:53.622 [Test worker] DEBUG org.springframework.test.context.junit4.SpringJUnit4ClassRunner - SpringJUnit4ClassRunner constructor called with [class com.hs.project.springboot.domain.posts.PostsRepositoryTest]
17:37:53.647 [Test worker] DEBUG org.springframework.test.context.BootstrapUtils - Instantiating CacheAwareContextLoaderDelegate from class [org.springframework.test.context.cache.DefaultCacheAwareContextLoaderDelegate]
17:37:53.710 [Test worker] DEBUG org.springframework.test.context.BootstrapUtils - Instantiating BootstrapContext using constructor [public org.springframework.test.context.support.DefaultBootstrapContext(java.lang.Class,org.springframework.test.context.CacheAwareContextLoaderDelegate)]
17:37:53.781 [Test worker] DEBUG org.springframework.test.context.BootstrapUtils - Instantiating TestContextBootstrapper for test class [com.hs.project.springboot.domain.posts.PostsRepositoryTest] from class [org.springframework.boot.test.context.SpringBootTestContextBootstrapper]
17:37:53.842 [Test worker] INFO org.springframework.boot.test.context.SpringBootTestContextBootstrapper - Neither @ContextConfiguration nor @ContextHierarchy found for test class [com.hs.project.springboot.domain.posts.PostsRepositoryTest], using SpringBootContextLoader
17:37:53.852 [Test worker] DEBUG org.springframework.test.context.support.AbstractContextLoader - Did not detect default resource location for test class [com.hs.project.springboot.domain.posts.PostsRepositoryTest]: class path resource [com/hs/project/springboot/domain/posts/PostsRepositoryTest-context.xml] does not exist
17:37:53.853 [Test worker] DEBUG org.springframework.test.context.support.AbstractContextLoader - Did not detect default resource location for test class [com.hs.project.springboot.domain.posts.PostsRepositoryTest]: class path resource [com/hs/project/springboot/domain/posts/PostsRepositoryTestContext.groovy] does not exist
17:37:53.854 [Test worker] INFO org.springframework.test.context.support.AbstractContextLoader - Could not detect default resource locations for test class [com.hs.project.springboot.domain.posts.PostsRepositoryTest]: no resource found for suffixes {-context.xml, Context.groovy}.
17:37:53.856 [Test worker] INFO org.springframework.test.context.support.AnnotationConfigContextLoaderUtils - Could not detect default configuration classes for test class [com.hs.project.springboot.domain.posts.PostsRepositoryTest]: PostsRepositoryTest does not declare any static, non-private, non-final, nested classes annotated with @Configuration.
17:37:53.969 [Test worker] DEBUG org.springframework.test.context.support.ActiveProfilesUtils - Could not find an 'annotation declaring class' for annotation type [org.springframework.test.context.ActiveProfiles] and class [com.hs.project.springboot.domain.posts.PostsRepositoryTest]
17:37:54.249 [Test worker] DEBUG org.springframework.context.annotation.ClassPathScanningCandidateComponentProvider - Identified candidate component class: file [C:\study\hello-spring\springboot-webservice\build\classes\java\main\com\hs\project\springboot\Application.class]
17:37:54.253 [Test worker] INFO org.springframework.boot.test.context.SpringBootTestContextBootstrapper - Found @SpringBootConfiguration com.hs.project.springboot.Application for test class com.hs.project.springboot.domain.posts.PostsRepositoryTest
17:37:54.693 [Test worker] DEBUG org.springframework.boot.test.context.SpringBootTestContextBootstrapper - @TestExecutionListeners is not present for class [com.hs.project.springboot.domain.posts.PostsRepositoryTest]: using defaults.
17:37:54.696 [Test worker] INFO org.springframework.boot.test.context.SpringBootTestContextBootstrapper - Loaded default TestExecutionListener class names from location [META-INF/spring.factories]: [org.springframework.security.test.context.support.WithSecurityContextTestExecutionListener, org.springframework.security.test.context.support.ReactorContextTestExecutionListener, org.springframework.boot.test.autoconfigure.restdocs.RestDocsTestExecutionListener, org.springframework.boot.test.autoconfigure.web.client.MockRestServiceServerResetTestExecutionListener, org.springframework.boot.test.autoconfigure.web.servlet.MockMvcPrintOnlyOnFailureTestExecutionListener, org.springframework.boot.test.autoconfigure.web.servlet.WebDriverTestExecutionListener, org.springframework.boot.test.mock.mockito.MockitoTestExecutionListener, org.springframework.boot.test.mock.mockito.ResetMocksTestExecutionListener, org.springframework.test.context.web.ServletTestExecutionListener, org.springframework.test.context.support.DirtiesContextBeforeModesTestExecutionListener, org.springframework.test.context.support.DependencyInjectionTestExecutionListener, org.springframework.test.context.support.DirtiesContextTestExecutionListener, org.springframework.test.context.transaction.TransactionalTestExecutionListener, org.springframework.test.context.jdbc.SqlScriptsTestExecutionListener]
17:37:54.815 [Test worker] INFO org.springframework.boot.test.context.SpringBootTestContextBootstrapper - Using TestExecutionListeners: [org.springframework.test.context.web.ServletTestExecutionListener@3a0c6464, org.springframework.test.context.support.DirtiesContextBeforeModesTestExecutionListener@6cde06c, org.springframework.boot.test.mock.mockito.MockitoTestExecutionListener@66068d8b, org.springframework.boot.test.autoconfigure.SpringBootDependencyInjectionTestExecutionListener@abc63d2, org.springframework.test.context.support.DirtiesContextTestExecutionListener@53ca19a5, org.springframework.test.context.transaction.TransactionalTestExecutionListener@3aed4d30, org.springframework.test.context.jdbc.SqlScriptsTestExecutionListener@68d5f533, org.springframework.security.test.context.support.WithSecurityContextTestExecutionListener@11ea908, org.springframework.security.test.context.support.ReactorContextTestExecutionListener@29a9fbf, org.springframework.boot.test.autoconfigure.restdocs.RestDocsTestExecutionListener@524ec611, org.springframework.boot.test.autoconfigure.web.client.MockRestServiceServerResetTestExecutionListener@15f5cd06, org.springframework.boot.test.autoconfigure.web.servlet.MockMvcPrintOnlyOnFailureTestExecutionListener@61577059, org.springframework.boot.test.autoconfigure.web.servlet.WebDriverTestExecutionListener@37666cab, org.springframework.boot.test.mock.mockito.ResetMocksTestExecutionListener@13bc4a18]
17:37:54.828 [Test worker] DEBUG org.springframework.test.annotation.ProfileValueUtils - Retrieved @ProfileValueSourceConfiguration [null] for test class [com.hs.project.springboot.domain.posts.PostsRepositoryTest]
17:37:54.829 [Test worker] DEBUG org.springframework.test.annotation.ProfileValueUtils - Retrieved ProfileValueSource type [class org.springframework.test.annotation.SystemProfileValueSource] for class [com.hs.project.springboot.domain.posts.PostsRepositoryTest]
17:37:54.832 [Test worker] DEBUG org.springframework.test.annotation.ProfileValueUtils - Retrieved @ProfileValueSourceConfiguration [null] for test class [com.hs.project.springboot.domain.posts.PostsRepositoryTest]
17:37:54.832 [Test worker] DEBUG org.springframework.test.annotation.ProfileValueUtils - Retrieved ProfileValueSource type [class org.springframework.test.annotation.SystemProfileValueSource] for class [com.hs.project.springboot.domain.posts.PostsRepositoryTest]
17:37:54.854 [Test worker] DEBUG org.springframework.test.context.support.AbstractDirtiesContextTestExecutionListener - Before test class: context [DefaultTestContext@3b06069 testClass = PostsRepositoryTest, testInstance = [null], testMethod = [null], testException = [null], mergedContextConfiguration = [WebMergedContextConfiguration@723ff992 testClass = PostsRepositoryTest, locations = '{}', classes = '{class com.hs.project.springboot.Application}', contextInitializerClasses = '[]', activeProfiles = '{}', propertySourceLocations = '{}', propertySourceProperties = '{org.springframework.boot.test.context.SpringBootTestContextBootstrapper=true}', contextCustomizers = set[org.springframework.boot.test.autoconfigure.properties.PropertyMappingContextCustomizer@0, org.springframework.boot.test.autoconfigure.web.servlet.WebDriverContextCustomizerFactory$Customizer@5435ea73, org.springframework.boot.test.context.filter.ExcludeFilterContextCustomizer@2c67d982, org.springframework.boot.test.json.DuplicateJsonObjectContextCustomizerFactory$DuplicateJsonObjectContextCustomizer@7de62cd4, org.springframework.boot.test.mock.mockito.MockitoContextCustomizer@0, org.springframework.boot.test.web.client.TestRestTemplateContextCustomizer@43679f2c], resourceBasePath = 'src/main/webapp', contextLoader = 'org.springframework.boot.test.context.SpringBootContextLoader', parent = [null]], attributes = map['org.springframework.test.context.web.ServletTestExecutionListener.activateListener' -> true]], class annotated with @DirtiesContext [false] with mode [null].
17:37:54.856 [Test worker] DEBUG org.springframework.test.annotation.ProfileValueUtils - Retrieved @ProfileValueSourceConfiguration [null] for test class [com.hs.project.springboot.domain.posts.PostsRepositoryTest]
17:37:54.856 [Test worker] DEBUG org.springframework.test.annotation.ProfileValueUtils - Retrieved ProfileValueSource type [class org.springframework.test.annotation.SystemProfileValueSource] for class [com.hs.project.springboot.domain.posts.PostsRepositoryTest]
17:37:54.958 [Test worker] DEBUG org.springframework.test.context.support.TestPropertySourceUtils - Adding inlined properties to environment: {spring.jmx.enabled=false, org.springframework.boot.test.context.SpringBootTestContextBootstrapper=true, server.port=-1}

  .   ____          _            __ _ _
 /\\ / ___'_ __ _ _(_)_ __  __ _ \ \ \ \
( ( )\___ | '_ | '_| | '_ \/ _` | \ \ \ \
 \\/  ___)| |_)| | | | | || (_| |  ) ) ) )
  '  |____| .__|_| |_|_| |_\__, | / / / /
 =========|_|==============|___/=/_/_/_/
 :: Spring Boot ::        (v2.1.7.RELEASE)

2021-01-25 17:37:56.226  INFO 12888 --- [    Test worker] c.h.p.s.d.posts.PostsRepositoryTest      : Starting PostsRepositoryTest on DESKTOP-9M3FCPN with PID 12888 (started by kha24 in C:\study\hello-spring\springboot-webservice)
2021-01-25 17:37:56.228  INFO 12888 --- [    Test worker] c.h.p.s.d.posts.PostsRepositoryTest      : The following profiles are active: oauth
2021-01-25 17:37:58.438  INFO 12888 --- [    Test worker] .s.d.r.c.RepositoryConfigurationDelegate : Bootstrapping Spring Data repositories in DEFAULT mode.
2021-01-25 17:37:58.725  INFO 12888 --- [    Test worker] .s.d.r.c.RepositoryConfigurationDelegate : Finished Spring Data repository scanning in 267ms. Found 2 repository interfaces.
2021-01-25 17:38:00.219  INFO 12888 --- [    Test worker] trationDelegate$BeanPostProcessorChecker : Bean 'org.springframework.transaction.annotation.ProxyTransactionManagementConfiguration' of type [org.springframework.transaction.annotation.ProxyTransactionManagementConfiguration$$EnhancerBySpringCGLIB$$9ead8074] is not eligible for getting processed by all BeanPostProcessors (for example: not eligible for auto-proxying)
2021-01-25 17:38:01.161  INFO 12888 --- [    Test worker] com.zaxxer.hikari.HikariDataSource       : HikariPool-1 - Starting...
2021-01-25 17:38:01.758  INFO 12888 --- [    Test worker] com.zaxxer.hikari.HikariDataSource       : HikariPool-1 - Start completed.
2021-01-25 17:38:02.019  INFO 12888 --- [    Test worker] o.hibernate.jpa.internal.util.LogHelper  : HHH000204: Processing PersistenceUnitInfo [
	name: default
	...]
2021-01-25 17:38:02.278  INFO 12888 --- [    Test worker] org.hibernate.Version                    : HHH000412: Hibernate Core {5.3.10.Final}
2021-01-25 17:38:02.284  INFO 12888 --- [    Test worker] org.hibernate.cfg.Environment            : HHH000206: hibernate.properties not found
2021-01-25 17:38:02.824  INFO 12888 --- [    Test worker] o.hibernate.annotations.common.Version   : HCANN000001: Hibernate Commons Annotations {5.0.4.Final}
2021-01-25 17:38:03.462  INFO 12888 --- [    Test worker] org.hibernate.dialect.Dialect            : HHH000400: Using dialect: org.hibernate.dialect.MySQL5InnoDBDialect
Hibernate: drop table if exists posts
Hibernate: drop table if exists user
Hibernate: create table posts (id bigint not null auto_increment, create_date datetime, modified_date datetime, author varchar(255), content TEXT not null, title varchar(500) not null, primary key (id)) engine=InnoDB
Hibernate: create table user (id bigint not null auto_increment, create_date datetime, modified_date datetime, email varchar(255) not null, name varchar(255) not null, picture varchar(255), role varchar(255) not null, primary key (id)) engine=InnoDB
2021-01-25 17:38:06.573  INFO 12888 --- [    Test worker] o.h.t.schema.internal.SchemaCreatorImpl  : HHH000476: Executing import script 'org.hibernate.tool.schema.internal.exec.ScriptSourceInputNonExistentImpl@38864d7e'
2021-01-25 17:38:06.592  INFO 12888 --- [    Test worker] j.LocalContainerEntityManagerFactoryBean : Initialized JPA EntityManagerFactory for persistence unit 'default'
2021-01-25 17:38:08.300  INFO 12888 --- [    Test worker] o.h.h.i.QueryTranslatorFactoryInitiator  : HHH000397: Using ASTQueryTranslatorFactory
2021-01-25 17:38:09.954  INFO 12888 --- [    Test worker] o.s.s.web.DefaultSecurityFilterChain     : Creating filter chain: any request, [org.springframework.security.web.context.request.async.WebAsyncManagerIntegrationFilter@3303746e, org.springframework.security.web.context.SecurityContextPersistenceFilter@49235db2, org.springframework.security.web.header.HeaderWriterFilter@3b48d43d, org.springframework.security.web.authentication.logout.LogoutFilter@1709480d, org.springframework.security.oauth2.client.web.OAuth2AuthorizationRequestRedirectFilter@27eacc77, org.springframework.security.oauth2.client.web.OAuth2LoginAuthenticationFilter@5b041a67, org.springframework.security.web.authentication.ui.DefaultLoginPageGeneratingFilter@2cbcde43, org.springframework.security.web.authentication.ui.DefaultLogoutPageGeneratingFilter@42322e1d, org.springframework.security.web.savedrequest.RequestCacheAwareFilter@7187fba, org.springframework.security.web.servletapi.SecurityContextHolderAwareRequestFilter@2dbf0678, org.springframework.security.web.authentication.AnonymousAuthenticationFilter@5eda2920, org.springframework.security.web.session.SessionManagementFilter@443cc05a, org.springframework.security.web.access.ExceptionTranslationFilter@28f331c4, org.springframework.security.web.access.intercept.FilterSecurityInterceptor@655e36e1]
2021-01-25 17:38:11.538  INFO 12888 --- [    Test worker] o.s.s.concurrent.ThreadPoolTaskExecutor  : Initializing ExecutorService 'applicationTaskExecutor'
2021-01-25 17:38:11.701  WARN 12888 --- [    Test worker] aWebConfiguration$JpaWebMvcConfiguration : spring.jpa.open-in-view is enabled by default. Therefore, database queries may be performed during view rendering. Explicitly configure spring.jpa.open-in-view to disable this warning
2021-01-25 17:38:11.851  INFO 12888 --- [    Test worker] o.s.b.a.w.s.WelcomePageHandlerMapping    : Adding welcome page template: index
2021-01-25 17:38:13.378  INFO 12888 --- [    Test worker] s.a.ScheduledAnnotationBeanPostProcessor : No TaskScheduler/ScheduledExecutorService bean found for scheduled processing
2021-01-25 17:38:13.402  INFO 12888 --- [    Test worker] c.h.p.s.d.posts.PostsRepositoryTest      : Started PostsRepositoryTest in 18.404 seconds (JVM running for 23.565)
Hibernate: insert into posts (create_date, modified_date, author, content, title) values (?, ?, ?, ?, ?)
Hibernate: select posts0_.id as id1_0_, posts0_.create_date as create_d2_0_, posts0_.modified_date as modified3_0_, posts0_.author as author4_0_, posts0_.content as content5_0_, posts0_.title as title6_0_ from posts posts0_
Hibernate: select posts0_.id as id1_0_, posts0_.create_date as create_d2_0_, posts0_.modified_date as modified3_0_, posts0_.author as author4_0_, posts0_.content as content5_0_, posts0_.title as title6_0_ from posts posts0_
Hibernate: delete from posts where id=?
Hibernate: insert into posts (create_date, modified_date, author, content, title) values (?, ?, ?, ?, ?)
Hibernate: select posts0_.id as id1_0_, posts0_.create_date as create_d2_0_, posts0_.modified_date as modified3_0_, posts0_.author as author4_0_, posts0_.content as content5_0_, posts0_.title as title6_0_ from posts posts0_
>>>>>>>> createDate =2021-01-25T17:38:14.173, modifiedDate =2021-01-25T17:38:14.173
Hibernate: select posts0_.id as id1_0_, posts0_.create_date as create_d2_0_, posts0_.modified_date as modified3_0_, posts0_.author as author4_0_, posts0_.content as content5_0_, posts0_.title as title6_0_ from posts posts0_
Hibernate: delete from posts where id=?
]]></system-out>
  <system-err><![CDATA[]]></system-err>
</testsuite>
