<?xml version="1.0" encoding="UTF-8"?>
<testsuite name="com.hs.project.springboot.web.HelloControllerTest" tests="2" skipped="0" failures="0" errors="0" timestamp="2021-01-25T08:38:17" hostname="DESKTOP-9M3FCPN" time="0.412">
  <properties/>
  <testcase name="hello가_리턴된다" classname="com.hs.project.springboot.web.HelloControllerTest" time="0.183"/>
  <testcase name="helloDto가_리턴된다" classname="com.hs.project.springboot.web.HelloControllerTest" time="0.228"/>
  <system-out><![CDATA[2021-01-25 17:38:14.224  INFO 12888 --- [    Test worker] .b.t.a.w.s.WebMvcTestContextBootstrapper : Neither @ContextConfiguration nor @ContextHierarchy found for test class [com.hs.project.springboot.web.HelloControllerTest], using SpringBootContextLoader
2021-01-25 17:38:14.228  INFO 12888 --- [    Test worker] o.s.t.c.support.AbstractContextLoader    : Could not detect default resource locations for test class [com.hs.project.springboot.web.HelloControllerTest]: no resource found for suffixes {-context.xml, Context.groovy}.
2021-01-25 17:38:14.228  INFO 12888 --- [    Test worker] t.c.s.AnnotationConfigContextLoaderUtils : Could not detect default configuration classes for test class [com.hs.project.springboot.web.HelloControllerTest]: HelloControllerTest does not declare any static, non-private, non-final, nested classes annotated with @Configuration.
2021-01-25 17:38:14.297  INFO 12888 --- [    Test worker] .b.t.c.SpringBootTestContextBootstrapper : Found @SpringBootConfiguration com.hs.project.springboot.Application for test class com.hs.project.springboot.web.HelloControllerTest
2021-01-25 17:38:14.298  INFO 12888 --- [    Test worker] .b.t.a.w.s.WebMvcTestContextBootstrapper : Loaded default TestExecutionListener class names from location [META-INF/spring.factories]: [org.springframework.security.test.context.support.WithSecurityContextTestExecutionListener, org.springframework.security.test.context.support.ReactorContextTestExecutionListener, org.springframework.boot.test.autoconfigure.restdocs.RestDocsTestExecutionListener, org.springframework.boot.test.autoconfigure.web.client.MockRestServiceServerResetTestExecutionListener, org.springframework.boot.test.autoconfigure.web.servlet.MockMvcPrintOnlyOnFailureTestExecutionListener, org.springframework.boot.test.autoconfigure.web.servlet.WebDriverTestExecutionListener, org.springframework.boot.test.mock.mockito.MockitoTestExecutionListener, org.springframework.boot.test.mock.mockito.ResetMocksTestExecutionListener, org.springframework.test.context.web.ServletTestExecutionListener, org.springframework.test.context.support.DirtiesContextBeforeModesTestExecutionListener, org.springframework.test.context.support.DependencyInjectionTestExecutionListener, org.springframework.test.context.support.DirtiesContextTestExecutionListener, org.springframework.test.context.transaction.TransactionalTestExecutionListener, org.springframework.test.context.jdbc.SqlScriptsTestExecutionListener]
2021-01-25 17:38:14.301  INFO 12888 --- [    Test worker] .b.t.a.w.s.WebMvcTestContextBootstrapper : Using TestExecutionListeners: [org.springframework.test.context.web.ServletTestExecutionListener@1ab54474, org.springframework.test.context.support.DirtiesContextBeforeModesTestExecutionListener@4f32c1d1, org.springframework.boot.test.mock.mockito.MockitoTestExecutionListener@7d5d929a, org.springframework.boot.test.autoconfigure.SpringBootDependencyInjectionTestExecutionListener@303eae8d, org.springframework.test.context.support.DirtiesContextTestExecutionListener@98da1a, org.springframework.test.context.transaction.TransactionalTestExecutionListener@597daf91, org.springframework.test.context.jdbc.SqlScriptsTestExecutionListener@48253f66, org.springframework.security.test.context.support.WithSecurityContextTestExecutionListener@daaba29, org.springframework.security.test.context.support.ReactorContextTestExecutionListener@4b24e98c, org.springframework.boot.test.autoconfigure.restdocs.RestDocsTestExecutionListener@7f11c65e, org.springframework.boot.test.autoconfigure.web.client.MockRestServiceServerResetTestExecutionListener@1eae18d5, org.springframework.boot.test.autoconfigure.web.servlet.MockMvcPrintOnlyOnFailureTestExecutionListener@460d92db, org.springframework.boot.test.autoconfigure.web.servlet.WebDriverTestExecutionListener@2a096b1f, org.springframework.boot.test.mock.mockito.ResetMocksTestExecutionListener@5bdb6b36]

  .   ____          _            __ _ _
 /\\ / ___'_ __ _ _(_)_ __  __ _ \ \ \ \
( ( )\___ | '_ | '_| | '_ \/ _` | \ \ \ \
 \\/  ___)| |_)| | | | | || (_| |  ) ) ) )
  '  |____| .__|_| |_|_| |_\__, | / / / /
 =========|_|==============|___/=/_/_/_/
 :: Spring Boot ::        (v2.1.7.RELEASE)

2021-01-25 17:38:14.511  INFO 12888 --- [    Test worker] c.h.p.s.web.HelloControllerTest          : Starting HelloControllerTest on DESKTOP-9M3FCPN with PID 12888 (started by kha24 in C:\study\hello-spring\springboot-webservice)
2021-01-25 17:38:14.512  INFO 12888 --- [    Test worker] c.h.p.s.web.HelloControllerTest          : The following profiles are active: oauth
2021-01-25 17:38:15.958  INFO 12888 --- [    Test worker] o.s.s.concurrent.ThreadPoolTaskExecutor  : Initializing ExecutorService 'applicationTaskExecutor'
2021-01-25 17:38:16.056  INFO 12888 --- [    Test worker] o.s.b.a.w.s.WelcomePageHandlerMapping    : Adding welcome page template: index
2021-01-25 17:38:16.726  INFO 12888 --- [    Test worker] .s.s.UserDetailsServiceAutoConfiguration : 

Using generated security password: 941dc5eb-3c75-44b8-bc1e-26a728b03e7a

2021-01-25 17:38:17.146  INFO 12888 --- [    Test worker] o.s.s.web.DefaultSecurityFilterChain     : Creating filter chain: any request, [org.springframework.security.web.context.request.async.WebAsyncManagerIntegrationFilter@1d971c44, org.springframework.security.web.context.SecurityContextPersistenceFilter@6cb31f07, org.springframework.security.web.header.HeaderWriterFilter@1f7e858e, org.springframework.security.web.csrf.CsrfFilter@6515a5d7, org.springframework.security.web.authentication.logout.LogoutFilter@4d5223f0, org.springframework.security.web.authentication.UsernamePasswordAuthenticationFilter@711adc03, org.springframework.security.web.authentication.ui.DefaultLoginPageGeneratingFilter@1f877b11, org.springframework.security.web.authentication.ui.DefaultLogoutPageGeneratingFilter@2c6497a1, org.springframework.security.web.authentication.www.BasicAuthenticationFilter@278b1c50, org.springframework.security.web.savedrequest.RequestCacheAwareFilter@4e0c314e, org.springframework.security.web.servletapi.SecurityContextHolderAwareRequestFilter@25b58ff4, org.springframework.security.web.authentication.AnonymousAuthenticationFilter@537277e1, org.springframework.security.web.session.SessionManagementFilter@570da0ab, org.springframework.security.web.access.ExceptionTranslationFilter@73aa36e1, org.springframework.security.web.access.intercept.FilterSecurityInterceptor@54231c69]
2021-01-25 17:38:17.253  INFO 12888 --- [    Test worker] o.s.b.t.m.w.SpringBootMockServletContext : Initializing Spring TestDispatcherServlet ''
2021-01-25 17:38:17.253  INFO 12888 --- [    Test worker] o.s.t.web.servlet.TestDispatcherServlet  : Initializing Servlet ''
2021-01-25 17:38:17.295  INFO 12888 --- [    Test worker] o.s.t.web.servlet.TestDispatcherServlet  : Completed initialization in 42 ms
2021-01-25 17:38:17.389  INFO 12888 --- [    Test worker] c.h.p.s.web.HelloControllerTest          : Started HelloControllerTest in 3.083 seconds (JVM running for 27.551)
]]></system-out>
  <system-err><![CDATA[]]></system-err>
</testsuite>
