<?xml version="1.0" encoding="UTF-8"?>
<testsuite name="com.hs.project.springboot.web.IndexControllerTest" tests="1" skipped="0" failures="0" errors="0" timestamp="2021-01-25T08:38:26" hostname="DESKTOP-9M3FCPN" time="0.604">
  <properties/>
  <testcase name="메인페이지_로딩" classname="com.hs.project.springboot.web.IndexControllerTest" time="0.604"/>
  <system-out><![CDATA[2021-01-25 17:38:17.814  INFO 12888 --- [    Test worker] .b.t.c.SpringBootTestContextBootstrapper : Neither @ContextConfiguration nor @ContextHierarchy found for test class [com.hs.project.springboot.web.IndexControllerTest], using SpringBootContextLoader
2021-01-25 17:38:17.817  INFO 12888 --- [    Test worker] o.s.t.c.support.AbstractContextLoader    : Could not detect default resource locations for test class [com.hs.project.springboot.web.IndexControllerTest]: no resource found for suffixes {-context.xml, Context.groovy}.
2021-01-25 17:38:17.817  INFO 12888 --- [    Test worker] t.c.s.AnnotationConfigContextLoaderUtils : Could not detect default configuration classes for test class [com.hs.project.springboot.web.IndexControllerTest]: IndexControllerTest does not declare any static, non-private, non-final, nested classes annotated with @Configuration.
2021-01-25 17:38:17.822  INFO 12888 --- [    Test worker] .b.t.c.SpringBootTestContextBootstrapper : Found @SpringBootConfiguration com.hs.project.springboot.Application for test class com.hs.project.springboot.web.IndexControllerTest
2021-01-25 17:38:17.825  INFO 12888 --- [    Test worker] .b.t.c.SpringBootTestContextBootstrapper : Loaded default TestExecutionListener class names from location [META-INF/spring.factories]: [org.springframework.security.test.context.support.WithSecurityContextTestExecutionListener, org.springframework.security.test.context.support.ReactorContextTestExecutionListener, org.springframework.boot.test.autoconfigure.restdocs.RestDocsTestExecutionListener, org.springframework.boot.test.autoconfigure.web.client.MockRestServiceServerResetTestExecutionListener, org.springframework.boot.test.autoconfigure.web.servlet.MockMvcPrintOnlyOnFailureTestExecutionListener, org.springframework.boot.test.autoconfigure.web.servlet.WebDriverTestExecutionListener, org.springframework.boot.test.mock.mockito.MockitoTestExecutionListener, org.springframework.boot.test.mock.mockito.ResetMocksTestExecutionListener, org.springframework.test.context.web.ServletTestExecutionListener, org.springframework.test.context.support.DirtiesContextBeforeModesTestExecutionListener, org.springframework.test.context.support.DependencyInjectionTestExecutionListener, org.springframework.test.context.support.DirtiesContextTestExecutionListener, org.springframework.test.context.transaction.TransactionalTestExecutionListener, org.springframework.test.context.jdbc.SqlScriptsTestExecutionListener]
2021-01-25 17:38:17.828  INFO 12888 --- [    Test worker] .b.t.c.SpringBootTestContextBootstrapper : Using TestExecutionListeners: [org.springframework.test.context.web.ServletTestExecutionListener@1466df26, org.springframework.test.context.support.DirtiesContextBeforeModesTestExecutionListener@17151128, org.springframework.boot.test.mock.mockito.MockitoTestExecutionListener@6646e53f, org.springframework.boot.test.autoconfigure.SpringBootDependencyInjectionTestExecutionListener@1ca37e2, org.springframework.test.context.support.DirtiesContextTestExecutionListener@23f75712, org.springframework.test.context.transaction.TransactionalTestExecutionListener@1c549e15, org.springframework.test.context.jdbc.SqlScriptsTestExecutionListener@4deaefbd, org.springframework.security.test.context.support.WithSecurityContextTestExecutionListener@1d4fa4c5, org.springframework.security.test.context.support.ReactorContextTestExecutionListener@4992fb9, org.springframework.boot.test.autoconfigure.restdocs.RestDocsTestExecutionListener@3c85ad09, org.springframework.boot.test.autoconfigure.web.client.MockRestServiceServerResetTestExecutionListener@26883a23, org.springframework.boot.test.autoconfigure.web.servlet.MockMvcPrintOnlyOnFailureTestExecutionListener@4681cbbb, org.springframework.boot.test.autoconfigure.web.servlet.WebDriverTestExecutionListener@b28d035, org.springframework.boot.test.mock.mockito.ResetMocksTestExecutionListener@1ad4c9bc]

  .   ____          _            __ _ _
 /\\ / ___'_ __ _ _(_)_ __  __ _ \ \ \ \
( ( )\___ | '_ | '_| | '_ \/ _` | \ \ \ \
 \\/  ___)| |_)| | | | | || (_| |  ) ) ) )
  '  |____| .__|_| |_|_| |_\__, | / / / /
 =========|_|==============|___/=/_/_/_/
 :: Spring Boot ::        (v2.1.7.RELEASE)

2021-01-25 17:38:18.000  INFO 12888 --- [    Test worker] c.h.p.s.web.IndexControllerTest          : Starting IndexControllerTest on DESKTOP-9M3FCPN with PID 12888 (started by kha24 in C:\study\hello-spring\springboot-webservice)
2021-01-25 17:38:18.000  INFO 12888 --- [    Test worker] c.h.p.s.web.IndexControllerTest          : The following profiles are active: oauth
2021-01-25 17:38:18.973  INFO 12888 --- [    Test worker] .s.d.r.c.RepositoryConfigurationDelegate : Bootstrapping Spring Data repositories in DEFAULT mode.
2021-01-25 17:38:19.133  INFO 12888 --- [    Test worker] .s.d.r.c.RepositoryConfigurationDelegate : Finished Spring Data repository scanning in 159ms. Found 2 repository interfaces.
2021-01-25 17:38:19.467  INFO 12888 --- [    Test worker] trationDelegate$BeanPostProcessorChecker : Bean 'org.springframework.transaction.annotation.ProxyTransactionManagementConfiguration' of type [org.springframework.transaction.annotation.ProxyTransactionManagementConfiguration$$EnhancerBySpringCGLIB$$9ead8074] is not eligible for getting processed by all BeanPostProcessors (for example: not eligible for auto-proxying)
2021-01-25 17:38:20.462  INFO 12888 --- [    Test worker] o.s.b.w.embedded.tomcat.TomcatWebServer  : Tomcat initialized with port(s): 0 (http)
2021-01-25 17:38:20.617  INFO 12888 --- [    Test worker] o.apache.catalina.core.StandardService   : Starting service [Tomcat]
2021-01-25 17:38:20.618  INFO 12888 --- [    Test worker] org.apache.catalina.core.StandardEngine  : Starting Servlet engine: [Apache Tomcat/9.0.22]
2021-01-25 17:38:21.319  INFO 12888 --- [    Test worker] o.a.c.c.C.[Tomcat].[localhost].[/]       : Initializing Spring embedded WebApplicationContext
2021-01-25 17:38:21.320  INFO 12888 --- [    Test worker] o.s.web.context.ContextLoader            : Root WebApplicationContext: initialization completed in 3312 ms
2021-01-25 17:38:22.097  INFO 12888 --- [    Test worker] com.zaxxer.hikari.HikariDataSource       : HikariPool-2 - Starting...
2021-01-25 17:38:22.099  INFO 12888 --- [    Test worker] com.zaxxer.hikari.HikariDataSource       : HikariPool-2 - Start completed.
2021-01-25 17:38:22.273  INFO 12888 --- [    Test worker] o.hibernate.jpa.internal.util.LogHelper  : HHH000204: Processing PersistenceUnitInfo [
	name: default
	...]
2021-01-25 17:38:22.365  INFO 12888 --- [    Test worker] org.hibernate.dialect.Dialect            : HHH000400: Using dialect: org.hibernate.dialect.MySQL5InnoDBDialect
Hibernate: drop table if exists posts
Hibernate: drop table if exists user
Hibernate: create table posts (id bigint not null auto_increment, create_date datetime, modified_date datetime, author varchar(255), content TEXT not null, title varchar(500) not null, primary key (id)) engine=InnoDB
Hibernate: create table user (id bigint not null auto_increment, create_date datetime, modified_date datetime, email varchar(255) not null, name varchar(255) not null, picture varchar(255), role varchar(255) not null, primary key (id)) engine=InnoDB
2021-01-25 17:38:22.613  INFO 12888 --- [    Test worker] o.h.t.schema.internal.SchemaCreatorImpl  : HHH000476: Executing import script 'org.hibernate.tool.schema.internal.exec.ScriptSourceInputNonExistentImpl@38864d7e'
2021-01-25 17:38:22.614  INFO 12888 --- [    Test worker] j.LocalContainerEntityManagerFactoryBean : Initialized JPA EntityManagerFactory for persistence unit 'default'
2021-01-25 17:38:23.883  INFO 12888 --- [    Test worker] o.h.h.i.QueryTranslatorFactoryInitiator  : HHH000397: Using ASTQueryTranslatorFactory
2021-01-25 17:38:24.783  INFO 12888 --- [    Test worker] o.s.s.web.DefaultSecurityFilterChain     : Creating filter chain: any request, [org.springframework.security.web.context.request.async.WebAsyncManagerIntegrationFilter@766cdcc, org.springframework.security.web.context.SecurityContextPersistenceFilter@3f47791b, org.springframework.security.web.header.HeaderWriterFilter@6932e257, org.springframework.security.web.authentication.logout.LogoutFilter@47aae6c3, org.springframework.security.oauth2.client.web.OAuth2AuthorizationRequestRedirectFilter@4f5396b7, org.springframework.security.oauth2.client.web.OAuth2LoginAuthenticationFilter@70a3ce92, org.springframework.security.web.authentication.ui.DefaultLoginPageGeneratingFilter@43a1d00d, org.springframework.security.web.authentication.ui.DefaultLogoutPageGeneratingFilter@254d231f, org.springframework.security.web.savedrequest.RequestCacheAwareFilter@4e903d04, org.springframework.security.web.servletapi.SecurityContextHolderAwareRequestFilter@30ce5edb, org.springframework.security.web.authentication.AnonymousAuthenticationFilter@7678ff2f, org.springframework.security.web.session.SessionManagementFilter@5fedc4b, org.springframework.security.web.access.ExceptionTranslationFilter@68ee502, org.springframework.security.web.access.intercept.FilterSecurityInterceptor@3fb3a758]
2021-01-25 17:38:25.366  INFO 12888 --- [    Test worker] o.s.s.concurrent.ThreadPoolTaskExecutor  : Initializing ExecutorService 'applicationTaskExecutor'
2021-01-25 17:38:25.401  WARN 12888 --- [    Test worker] aWebConfiguration$JpaWebMvcConfiguration : spring.jpa.open-in-view is enabled by default. Therefore, database queries may be performed during view rendering. Explicitly configure spring.jpa.open-in-view to disable this warning
2021-01-25 17:38:25.470  INFO 12888 --- [    Test worker] o.s.b.a.w.s.WelcomePageHandlerMapping    : Adding welcome page template: index
2021-01-25 17:38:26.473  INFO 12888 --- [    Test worker] s.a.ScheduledAnnotationBeanPostProcessor : No TaskScheduler/ScheduledExecutorService bean found for scheduled processing
2021-01-25 17:38:26.511  INFO 12888 --- [    Test worker] o.s.b.w.embedded.tomcat.TomcatWebServer  : Tomcat started on port(s): 53034 (http) with context path ''
2021-01-25 17:38:26.512  INFO 12888 --- [    Test worker] c.h.p.s.web.IndexControllerTest          : Started IndexControllerTest in 8.678 seconds (JVM running for 36.674)
2021-01-25 17:38:26.768  INFO 12888 --- [o-auto-1-exec-1] o.a.c.c.C.[Tomcat].[localhost].[/]       : Initializing Spring DispatcherServlet 'dispatcherServlet'
2021-01-25 17:38:26.770  INFO 12888 --- [o-auto-1-exec-1] o.s.web.servlet.DispatcherServlet        : Initializing Servlet 'dispatcherServlet'
2021-01-25 17:38:26.871  INFO 12888 --- [o-auto-1-exec-1] o.s.web.servlet.DispatcherServlet        : Completed initialization in 101 ms
Hibernate: select posts0_.id as id1_0_, posts0_.create_date as create_d2_0_, posts0_.modified_date as modified3_0_, posts0_.author as author4_0_, posts0_.content as content5_0_, posts0_.title as title6_0_ from posts posts0_ order by posts0_.id DESC
]]></system-out>
  <system-err><![CDATA[]]></system-err>
</testsuite>
